<?xml version="1.0" encoding="UTF-8"?>
<!-- Generated by org.testng.reporters.JUnitXMLReporter -->
<testsuite hostname="IN01N02824" ignored="1" name="welcome page Test" tests="7" failures="1" timestamp="2021-02-18T10:26:47 IST" time="24.09" errors="0">
  <testcase name="simple_form_demo_page" time="1.345" classname="com.application.testsuites.SimpleFormDemoPage"/>
  <testcase name="selectDropdown" time="2.572" classname="com.application.testsuites.SelectDropdownPage"/>
  <testcase name="perform_addition" time="0.005" classname="com.application.testsuites.SimpleFormDemoPage">
    <failure type="org.openqa.selenium.NoSuchSessionException" message="Session ID is null. Using WebDriver after calling quit()?
Build info: version: &amp;apos;3.141.59&amp;apos;, revision: &amp;apos;e82be7d358&amp;apos;, time: &amp;apos;2018-11-14T08:17:03&amp;apos;
System info: host: &amp;apos;IN01N02824&amp;apos;, ip: &amp;apos;192.168.43.105&amp;apos;, os.name: &amp;apos;Windows 10&amp;apos;, os.arch: &amp;apos;amd64&amp;apos;, os.version: &amp;apos;10.0&amp;apos;, java.version: &amp;apos;1.8.0_181&amp;apos;
Driver info: driver.version: RemoteWebDriver">
      <![CDATA[org.openqa.selenium.NoSuchSessionException: Session ID is null. Using WebDriver after calling quit()?
Build info: version: '3.141.59', revision: 'e82be7d358', time: '2018-11-14T08:17:03'
System info: host: 'IN01N02824', ip: '192.168.43.105', os.name: 'Windows 10', os.arch: 'amd64', os.version: '10.0', java.version: '1.8.0_181'
Driver info: driver.version: RemoteWebDriver
at org.openqa.selenium.remote.HttpCommandExecutor.execute(HttpCommandExecutor.java:125)
at org.openqa.selenium.remote.service.DriverCommandExecutor.execute(DriverCommandExecutor.java:83)
at org.openqa.selenium.remote.RemoteWebDriver.execute(RemoteWebDriver.java:552)
at org.openqa.selenium.remote.RemoteWebDriver$RemoteWebDriverOptions$RemoteTimeouts.implicitlyWait(RemoteWebDriver.java:780)
at com.application.utilities.synchronization.Waits.implicitWaitForSecs(Waits.java:24)
at com.application.pages.methods.SimpleFormDemoMethods.addition_operation(SimpleFormDemoMethods.java:20)
at com.application.testsuites.SimpleFormDemoPage.perform_addition(SimpleFormDemoPage.java:42)
at java.util.ArrayList.forEach(ArrayList.java:1257)
... Removed 31 stack frames]]>
    </failure>
  </testcase> <!-- perform_addition -->
  <testcase name="navigate_JavascriptAlertPage" time="0.984" classname="com.application.testsuites.JavaScriptsAlertsPage"/>
  <testcase name="verifyAlertBox" time="0.083" classname="com.application.testsuites.JavaScriptsAlertsPage"/>
  <testcase name="verifyConfirmBox" time="0.101" classname="com.application.testsuites.JavaScriptsAlertsPage"/>
  <testcase name="verifyPromptBox" time="0.26" classname="com.application.testsuites.JavaScriptsAlertsPage"/>
  <testcase name="checkBoxDemoPage" time="0.0" classname="com.application.testsuites.CheckBoxDemoPage">
    <ignored/>
  </testcase> <!-- checkBoxDemoPage -->
</testsuite> <!-- welcome page Test -->
