<?xml version="1.0" encoding="UTF-8"?>
<testng-results skipped="0" failed="1" ignored="1" total="8" passed="6">
  <reporter-output>
  </reporter-output>
  <suite name="Running Smoke Suite on Windows 10 - Chrome Browser" duration-ms="57709" started-at="2021-03-08T16:12:43 IST" finished-at="2021-03-08T16:13:41 IST">
    <groups>
    </groups>
    <test name="welcome page Test" duration-ms="57709" started-at="2021-03-08T16:12:43 IST" finished-at="2021-03-08T16:13:41 IST">
      <class name="com.application.testsuites.SimpleFormDemoPage">
        <test-method status="PASS" signature="welcome()[pri:0, instance:com.application.testsuites.SimpleFormDemoPage@6283d8b8]" name="welcome" is-config="true" duration-ms="11865" started-at="2021-03-08T16:12:43 IST" finished-at="2021-03-08T16:12:55 IST">
          <reporter-output>
          </reporter-output>
        </test-method> <!-- welcome -->
        <test-method status="PASS" signature="simple_form_demo_page()[pri:0, instance:com.application.testsuites.SimpleFormDemoPage@6283d8b8]" name="simple_form_demo_page" duration-ms="2299" started-at="2021-03-08T16:12:55 IST" finished-at="2021-03-08T16:12:58 IST">
          <reporter-output>
          </reporter-output>
        </test-method> <!-- simple_form_demo_page -->
        <test-method status="FAIL" signature="perform_addition()[pri:0, instance:com.application.testsuites.SimpleFormDemoPage@6283d8b8]" name="perform_addition" duration-ms="40" started-at="2021-03-08T16:13:22 IST" depends-on-methods="com.application.testsuites.SimpleFormDemoPage.simple_form_demo_page" finished-at="2021-03-08T16:13:22 IST">
          <exception class="org.openqa.selenium.NoSuchSessionException">
            <message>
              <![CDATA[Session ID is null. Using WebDriver after calling quit()?
Build info: version: '3.141.59', revision: 'e82be7d358', time: '2018-11-14T08:17:03'
System info: host: 'IN01N02824', ip: '10.100.6.78', os.name: 'Windows 10', os.arch: 'amd64', os.version: '10.0', java.version: '1.8.0_181'
Driver info: driver.version: RemoteWebDriver]]>
            </message>
            <full-stacktrace>
              <![CDATA[org.openqa.selenium.NoSuchSessionException: Session ID is null. Using WebDriver after calling quit()?
Build info: version: '3.141.59', revision: 'e82be7d358', time: '2018-11-14T08:17:03'
System info: host: 'IN01N02824', ip: '10.100.6.78', os.name: 'Windows 10', os.arch: 'amd64', os.version: '10.0', java.version: '1.8.0_181'
Driver info: driver.version: RemoteWebDriver
at org.openqa.selenium.remote.HttpCommandExecutor.execute(HttpCommandExecutor.java:125)
at org.openqa.selenium.remote.service.DriverCommandExecutor.execute(DriverCommandExecutor.java:83)
at org.openqa.selenium.remote.RemoteWebDriver.execute(RemoteWebDriver.java:552)
at org.openqa.selenium.remote.RemoteWebDriver$RemoteWebDriverOptions$RemoteTimeouts.implicitlyWait(RemoteWebDriver.java:780)
at com.application.utilities.synchronization.Waits.implicitWaitForSecs(Waits.java:24)
at com.application.pages.methods.SimpleFormDemoMethods.addition_operation(SimpleFormDemoMethods.java:21)
at com.application.testsuites.SimpleFormDemoPage.perform_addition(SimpleFormDemoPage.java:42)
at sun.reflect.NativeMethodAccessorImpl.invoke0(Native Method)
at sun.reflect.NativeMethodAccessorImpl.invoke(NativeMethodAccessorImpl.java:62)
at sun.reflect.DelegatingMethodAccessorImpl.invoke(DelegatingMethodAccessorImpl.java:43)
at java.lang.reflect.Method.invoke(Method.java:498)
at org.testng.internal.MethodInvocationHelper.invokeMethod(MethodInvocationHelper.java:134)
at org.testng.internal.TestInvoker.invokeMethod(TestInvoker.java:597)
at org.testng.internal.TestInvoker.invokeTestMethod(TestInvoker.java:173)
at org.testng.internal.MethodRunner.runInSequence(MethodRunner.java:46)
at org.testng.internal.TestInvoker$MethodInvocationAgent.invoke(TestInvoker.java:816)
at org.testng.internal.TestInvoker.invokeTestMethods(TestInvoker.java:146)
at org.testng.internal.TestMethodWorker.invokeTestMethods(TestMethodWorker.java:146)
at org.testng.internal.TestMethodWorker.run(TestMethodWorker.java:128)
at java.util.ArrayList.forEach(ArrayList.java:1257)
at org.testng.TestRunner.privateRun(TestRunner.java:766)
at org.testng.TestRunner.run(TestRunner.java:587)
at org.testng.SuiteRunner.runTest(SuiteRunner.java:384)
at org.testng.SuiteRunner.runSequentially(SuiteRunner.java:378)
at org.testng.SuiteRunner.privateRun(SuiteRunner.java:337)
at org.testng.SuiteRunner.run(SuiteRunner.java:286)
at org.testng.SuiteRunnerWorker.runSuite(SuiteRunnerWorker.java:53)
at org.testng.SuiteRunnerWorker.run(SuiteRunnerWorker.java:96)
at org.testng.TestNG.runSuitesSequentially(TestNG.java:1187)
at org.testng.TestNG.runSuitesLocally(TestNG.java:1109)
at org.testng.TestNG.runSuites(TestNG.java:1039)
at org.testng.TestNG.run(TestNG.java:1007)
at org.apache.maven.surefire.testng.TestNGExecutor.run(TestNGExecutor.java:283)
at org.apache.maven.surefire.testng.TestNGXmlTestSuite.execute(TestNGXmlTestSuite.java:75)
at org.apache.maven.surefire.testng.TestNGProvider.invoke(TestNGProvider.java:120)
at org.apache.maven.surefire.booter.ForkedBooter.runSuitesInProcess(ForkedBooter.java:377)
at org.apache.maven.surefire.booter.ForkedBooter.execute(ForkedBooter.java:138)
at org.apache.maven.surefire.booter.ForkedBooter.run(ForkedBooter.java:465)
at org.apache.maven.surefire.booter.ForkedBooter.main(ForkedBooter.java:451)
]]>
            </full-stacktrace>
          </exception> <!-- org.openqa.selenium.NoSuchSessionException -->
          <reporter-output>
          </reporter-output>
        </test-method> <!-- perform_addition -->
        <test-method status="PASS" signature="closeBrowser()[pri:0, instance:com.application.testsuites.SimpleFormDemoPage@6283d8b8]" name="closeBrowser" is-config="true" duration-ms="7" started-at="2021-03-08T16:13:22 IST" finished-at="2021-03-08T16:13:22 IST">
          <reporter-output>
          </reporter-output>
        </test-method> <!-- closeBrowser -->
      </class> <!-- com.application.testsuites.SimpleFormDemoPage -->
      <class name="com.application.testsuites.SelectDropdownPage">
        <test-method status="PASS" signature="welcome()[pri:0, instance:com.application.testsuites.SelectDropdownPage@3b6ddd1d]" name="welcome" is-config="true" duration-ms="14142" started-at="2021-03-08T16:12:58 IST" finished-at="2021-03-08T16:13:12 IST">
          <reporter-output>
          </reporter-output>
        </test-method> <!-- welcome -->
        <test-method status="PASS" signature="selectDropdown()[pri:0, instance:com.application.testsuites.SelectDropdownPage@3b6ddd1d]" name="selectDropdown" duration-ms="8692" started-at="2021-03-08T16:13:12 IST" finished-at="2021-03-08T16:13:20 IST">
          <reporter-output>
          </reporter-output>
        </test-method> <!-- selectDropdown -->
        <test-method status="PASS" signature="closeBrowser()[pri:0, instance:com.application.testsuites.SelectDropdownPage@3b6ddd1d]" name="closeBrowser" is-config="true" duration-ms="1263" started-at="2021-03-08T16:13:20 IST" finished-at="2021-03-08T16:13:22 IST">
          <reporter-output>
          </reporter-output>
        </test-method> <!-- closeBrowser -->
      </class> <!-- com.application.testsuites.SelectDropdownPage -->
      <class name="com.application.testsuites.JavaScriptsAlertsPage">
        <test-method status="PASS" signature="welcome()[pri:0, instance:com.application.testsuites.JavaScriptsAlertsPage@3f6b0be5]" name="welcome" is-config="true" duration-ms="13463" started-at="2021-03-08T16:13:22 IST" finished-at="2021-03-08T16:13:35 IST">
          <reporter-output>
          </reporter-output>
        </test-method> <!-- welcome -->
        <test-method status="PASS" signature="navigate_JavascriptAlertPage()[pri:0, instance:com.application.testsuites.JavaScriptsAlertsPage@3f6b0be5]" name="navigate_JavascriptAlertPage" duration-ms="1421" started-at="2021-03-08T16:13:35 IST" finished-at="2021-03-08T16:13:37 IST">
          <reporter-output>
          </reporter-output>
        </test-method> <!-- navigate_JavascriptAlertPage -->
        <test-method status="PASS" signature="verifyAlertBox()[pri:0, instance:com.application.testsuites.JavaScriptsAlertsPage@3f6b0be5]" name="verifyAlertBox" duration-ms="393" started-at="2021-03-08T16:13:37 IST" finished-at="2021-03-08T16:13:37 IST">
          <reporter-output>
          </reporter-output>
        </test-method> <!-- verifyAlertBox -->
        <test-method status="PASS" signature="verifyConfirmBox()[pri:0, instance:com.application.testsuites.JavaScriptsAlertsPage@3f6b0be5]" name="verifyConfirmBox" duration-ms="736" started-at="2021-03-08T16:13:37 IST" finished-at="2021-03-08T16:13:38 IST">
          <reporter-output>
          </reporter-output>
        </test-method> <!-- verifyConfirmBox -->
        <test-method status="PASS" signature="verifyPromptBox()[pri:0, instance:com.application.testsuites.JavaScriptsAlertsPage@3f6b0be5]" name="verifyPromptBox" duration-ms="1088" started-at="2021-03-08T16:13:38 IST" finished-at="2021-03-08T16:13:39 IST">
          <reporter-output>
          </reporter-output>
        </test-method> <!-- verifyPromptBox -->
        <test-method status="PASS" signature="closeBrowser()[pri:0, instance:com.application.testsuites.JavaScriptsAlertsPage@3f6b0be5]" name="closeBrowser" is-config="true" duration-ms="2076" started-at="2021-03-08T16:13:39 IST" finished-at="2021-03-08T16:13:41 IST">
          <reporter-output>
          </reporter-output>
        </test-method> <!-- closeBrowser -->
      </class> <!-- com.application.testsuites.JavaScriptsAlertsPage -->
    </test> <!-- welcome page Test -->
  </suite> <!-- Running Smoke Suite on Windows 10 - Chrome Browser -->
</testng-results>
